17:16:34.412 [main] INFO  testCases.TC_001_AccountRegistrationTest - clicked on continue..
17:16:34.571 [main] INFO  testCases.TC_001_AccountRegistrationTest - Validating expected message..
17:16:34.579 [main] INFO  testCases.TC_001_AccountRegistrationTest - **** finished TC_001_AccountRegistrationTest  *****
17:16:49.105 [main] INFO  testCases.TC_002_LoginTest - **** Starting TC_002_LoginTest  ****
17:16:50.245 [main] INFO  testCases.TC_002_LoginTest - clicked on myaccount link on the home page..
17:16:53.209 [main] INFO  testCases.TC_002_LoginTest - clicked on login link under myaccount..
17:16:53.216 [main] INFO  testCases.TC_002_LoginTest - Entering valid email and password..
17:16:56.490 [main] INFO  testCases.TC_002_LoginTest - clicked on ligin button..
17:16:56.630 [main] INFO  testCases.TC_002_LoginTest - **** Finished TC_002_LoginTest  ****
17:19:11.673 [main] INFO  testCases.TC_001_AccountRegistrationTest - **** starting TC_001_AccountRegistrationTest  *****
17:19:12.858 [main] INFO  testCases.TC_001_AccountRegistrationTest - Clicked on MyAccount link
17:19:15.137 [main] INFO  testCases.TC_001_AccountRegistrationTest - Clicked on registration link
17:19:15.137 [main] INFO  testCases.TC_001_AccountRegistrationTest - Entering customer details.. 
17:19:20.387 [main] INFO  testCases.TC_001_AccountRegistrationTest - clicked on continue..
17:19:20.541 [main] INFO  testCases.TC_001_AccountRegistrationTest - Validating expected message..
17:19:20.549 [main] INFO  testCases.TC_001_AccountRegistrationTest - **** finished TC_001_AccountRegistrationTest  *****
17:19:33.543 [main] INFO  testCases.TC_002_LoginTest - **** Starting TC_002_LoginTest  ****
17:19:35.562 [main] INFO  testCases.TC_002_LoginTest - clicked on myaccount link on the home page..
17:19:38.030 [main] INFO  testCases.TC_002_LoginTest - clicked on login link under myaccount..
17:19:38.037 [main] INFO  testCases.TC_002_LoginTest - Entering valid email and password..
17:19:41.070 [main] INFO  testCases.TC_002_LoginTest - clicked on ligin button..
17:19:41.196 [main] INFO  testCases.TC_002_LoginTest - **** Finished TC_002_LoginTest  ****
17:22:04.732 [main] INFO  testCases.TC_001_AccountRegistrationTest - **** starting TC_001_AccountRegistrationTest  *****
17:22:06.152 [main] INFO  testCases.TC_001_AccountRegistrationTest - Clicked on MyAccount link
17:22:08.742 [main] INFO  testCases.TC_001_AccountRegistrationTest - Clicked on registration link
17:22:08.743 [main] INFO  testCases.TC_001_AccountRegistrationTest - Entering customer details.. 
17:22:16.265 [main] INFO  testCases.TC_001_AccountRegistrationTest - clicked on continue..
17:22:16.433 [main] INFO  testCases.TC_001_AccountRegistrationTest - Validating expected message..
17:22:16.441 [main] INFO  testCases.TC_001_AccountRegistrationTest - **** finished TC_001_AccountRegistrationTest  *****
17:22:31.368 [main] INFO  testCases.TC_002_LoginTest - **** Starting TC_002_LoginTest  ****
17:22:32.388 [main] INFO  testCases.TC_002_LoginTest - clicked on myaccount link on the home page..
17:22:34.579 [main] INFO  testCases.TC_002_LoginTest - clicked on login link under myaccount..
17:22:34.584 [main] INFO  testCases.TC_002_LoginTest - Entering valid email and password..
17:22:38.806 [main] INFO  testCases.TC_002_LoginTest - clicked on ligin button..
17:22:39.002 [main] INFO  testCases.TC_002_LoginTest - **** Finished TC_002_LoginTest  ****
11:18:29.315 [main] INFO  testCases.TC_002_LoginTest - **** Starting TC_002_LoginTest  ****
11:18:30.359 [main] INFO  testCases.TC_002_LoginTest - clicked on myaccount link on the home page..
11:18:33.481 [main] INFO  testCases.TC_002_LoginTest - clicked on login link under myaccount..
11:18:33.486 [main] INFO  testCases.TC_002_LoginTest - Entering valid email and password..
11:18:37.662 [main] INFO  testCases.TC_002_LoginTest - clicked on ligin button..
11:18:37.839 [main] INFO  testCases.TC_002_LoginTest - **** Finished TC_002_LoginTest  ****
11:21:19.112 [main] INFO  testCases.TC_004_SearchProductTest -  Starting TC_004_SearchProductTest 
11:21:25.132 [main] INFO  testCases.TC_004_SearchProductTest -  Finished TC_004_SearchProductTest 
